[0.065s] DEBUG:colcon:Command line arguments: ['/usr/bin/colcon', 'build']
[0.065s] DEBUG:colcon:Parsed command line arguments: Namespace(log_base=None, log_level=None, verb_name='build', build_base='build', install_base='install', merge_install=False, symlink_install=False, test_result_base=None, continue_on_error=False, executor='parallel', parallel_workers=4, event_handlers=None, ignore_user_meta=False, metas=['./colcon.meta'], base_paths=['.'], packages_ignore=None, packages_ignore_regex=None, paths=None, packages_up_to=None, packages_up_to_regex=None, packages_above=None, packages_above_and_dependencies=None, packages_above_depth=None, packages_select_by_dep=None, packages_skip_by_dep=None, packages_skip_up_to=None, packages_select_build_failed=False, packages_skip_build_finished=False, packages_select_test_failures=False, packages_skip_test_passed=False, packages_select=None, packages_skip=None, packages_select_regex=None, packages_skip_regex=None, packages_start=None, packages_end=None, allow_overriding=[], cmake_args=None, cmake_target=None, cmake_target_skip_unavailable=False, cmake_clean_cache=False, cmake_clean_first=False, cmake_force_configure=False, ament_cmake_args=None, catkin_cmake_args=None, catkin_skip_building_tests=False, verb_parser=<colcon_defaults.argument_parser.defaults.DefaultArgumentsDecorator object at 0x7f6de1a13d90>, verb_extension=<colcon_core.verb.build.BuildVerb object at 0x7f6de1a138b0>, main=<bound method BuildVerb.main of <colcon_core.verb.build.BuildVerb object at 0x7f6de1a138b0>>)
[0.158s] Level 1:colcon.colcon_core.package_discovery:discover_packages(colcon_meta) check parameters
[0.158s] Level 1:colcon.colcon_core.package_discovery:discover_packages(recursive) check parameters
[0.158s] Level 1:colcon.colcon_core.package_discovery:discover_packages(ignore) check parameters
[0.158s] Level 1:colcon.colcon_core.package_discovery:discover_packages(path) check parameters
[0.158s] Level 1:colcon.colcon_core.package_discovery:discover_packages(colcon_meta) discover
[0.158s] Level 1:colcon.colcon_core.package_discovery:discover_packages(recursive) discover
[0.158s] INFO:colcon.colcon_core.package_discovery:Crawling recursively for packages in '/home/smoker/day1'
[0.158s] Level 1:colcon.colcon_core.package_identification:_identify(.) by extensions ['ignore', 'ignore_ament_install']
[0.158s] Level 1:colcon.colcon_core.package_identification:_identify(.) by extension 'ignore'
[0.158s] Level 1:colcon.colcon_core.package_identification:_identify(.) by extension 'ignore_ament_install'
[0.159s] Level 1:colcon.colcon_core.package_identification:_identify(.) by extensions ['colcon_pkg']
[0.159s] Level 1:colcon.colcon_core.package_identification:_identify(.) by extension 'colcon_pkg'
[0.159s] Level 1:colcon.colcon_core.package_identification:_identify(.) by extensions ['colcon_meta']
[0.159s] Level 1:colcon.colcon_core.package_identification:_identify(.) by extension 'colcon_meta'
[0.159s] Level 1:colcon.colcon_core.package_identification:_identify(.) by extensions ['ros']
[0.159s] Level 1:colcon.colcon_core.package_identification:_identify(.) by extension 'ros'
[0.166s] Level 1:colcon.colcon_core.package_identification:_identify(.) by extensions ['cmake', 'python']
[0.166s] Level 1:colcon.colcon_core.package_identification:_identify(.) by extension 'cmake'
[0.166s] Level 1:colcon.colcon_core.package_identification:_identify(.) by extension 'python'
[0.166s] Level 1:colcon.colcon_core.package_identification:_identify(.) by extensions ['python_setup_py']
[0.166s] Level 1:colcon.colcon_core.package_identification:_identify(.) by extension 'python_setup_py'
[0.166s] Level 1:colcon.colcon_core.package_identification:_identify(build) by extensions ['ignore', 'ignore_ament_install']
[0.166s] Level 1:colcon.colcon_core.package_identification:_identify(build) by extension 'ignore'
[0.166s] Level 1:colcon.colcon_core.package_identification:_identify(build) ignored
[0.166s] Level 1:colcon.colcon_core.package_identification:_identify(demo_topic) by extensions ['ignore', 'ignore_ament_install']
[0.167s] Level 1:colcon.colcon_core.package_identification:_identify(demo_topic) by extension 'ignore'
[0.167s] Level 1:colcon.colcon_core.package_identification:_identify(demo_topic) by extension 'ignore_ament_install'
[0.167s] Level 1:colcon.colcon_core.package_identification:_identify(demo_topic) by extensions ['colcon_pkg']
[0.167s] Level 1:colcon.colcon_core.package_identification:_identify(demo_topic) by extension 'colcon_pkg'
[0.167s] Level 1:colcon.colcon_core.package_identification:_identify(demo_topic) by extensions ['colcon_meta']
[0.167s] Level 1:colcon.colcon_core.package_identification:_identify(demo_topic) by extension 'colcon_meta'
[0.167s] Level 1:colcon.colcon_core.package_identification:_identify(demo_topic) by extensions ['ros']
[0.167s] Level 1:colcon.colcon_core.package_identification:_identify(demo_topic) by extension 'ros'
[0.169s] DEBUG:colcon.colcon_core.package_identification:Package 'demo_topic' with type 'ros.ament_cmake' and name 'demo_topic'
[0.169s] Level 1:colcon.colcon_core.package_identification:_identify(install) by extensions ['ignore', 'ignore_ament_install']
[0.169s] Level 1:colcon.colcon_core.package_identification:_identify(install) by extension 'ignore'
[0.169s] Level 1:colcon.colcon_core.package_identification:_identify(install) ignored
[0.169s] Level 1:colcon.colcon_core.package_identification:_identify(log) by extensions ['ignore', 'ignore_ament_install']
[0.169s] Level 1:colcon.colcon_core.package_identification:_identify(log) by extension 'ignore'
[0.169s] Level 1:colcon.colcon_core.package_identification:_identify(log) ignored
[0.169s] Level 1:colcon.colcon_core.package_discovery:discover_packages(recursive) using defaults
[0.169s] Level 1:colcon.colcon_core.package_discovery:discover_packages(ignore) discover
[0.169s] Level 1:colcon.colcon_core.package_discovery:discover_packages(ignore) using defaults
[0.169s] Level 1:colcon.colcon_core.package_discovery:discover_packages(path) discover
[0.169s] Level 1:colcon.colcon_core.package_discovery:discover_packages(path) using defaults
[0.180s] Level 1:colcon.colcon_core.package_discovery:discover_packages(prefix_path) check parameters
[0.180s] Level 1:colcon.colcon_core.package_discovery:discover_packages(prefix_path) discover
[0.182s] DEBUG:colcon.colcon_installed_package_information.package_discovery:Found 270 installed packages in /opt/ros/humble
[0.183s] Level 1:colcon.colcon_core.package_discovery:discover_packages(prefix_path) using defaults
[0.217s] Level 5:colcon.colcon_core.verb:set package 'demo_topic' build argument 'cmake_args' from command line to 'None'
[0.217s] Level 5:colcon.colcon_core.verb:set package 'demo_topic' build argument 'cmake_target' from command line to 'None'
[0.217s] Level 5:colcon.colcon_core.verb:set package 'demo_topic' build argument 'cmake_target_skip_unavailable' from command line to 'False'
[0.217s] Level 5:colcon.colcon_core.verb:set package 'demo_topic' build argument 'cmake_clean_cache' from command line to 'False'
[0.217s] Level 5:colcon.colcon_core.verb:set package 'demo_topic' build argument 'cmake_clean_first' from command line to 'False'
[0.217s] Level 5:colcon.colcon_core.verb:set package 'demo_topic' build argument 'cmake_force_configure' from command line to 'False'
[0.217s] Level 5:colcon.colcon_core.verb:set package 'demo_topic' build argument 'ament_cmake_args' from command line to 'None'
[0.217s] Level 5:colcon.colcon_core.verb:set package 'demo_topic' build argument 'catkin_cmake_args' from command line to 'None'
[0.217s] Level 5:colcon.colcon_core.verb:set package 'demo_topic' build argument 'catkin_skip_building_tests' from command line to 'False'
[0.217s] DEBUG:colcon.colcon_core.verb:Building package 'demo_topic' with the following arguments: {'ament_cmake_args': None, 'build_base': '/home/smoker/day1/build/demo_topic', 'catkin_cmake_args': None, 'catkin_skip_building_tests': False, 'cmake_args': None, 'cmake_clean_cache': False, 'cmake_clean_first': False, 'cmake_force_configure': False, 'cmake_target': None, 'cmake_target_skip_unavailable': False, 'install_base': '/home/smoker/day1/install/demo_topic', 'merge_install': False, 'path': '/home/smoker/day1/demo_topic', 'symlink_install': False, 'test_result_base': None}
[0.217s] INFO:colcon.colcon_core.executor:Executing jobs using 'parallel' executor
[0.218s] DEBUG:colcon.colcon_parallel_executor.executor.parallel:run_until_complete
[0.219s] INFO:colcon.colcon_ros.task.ament_cmake.build:Building ROS package in '/home/smoker/day1/demo_topic' with build type 'ament_cmake'
[0.219s] INFO:colcon.colcon_cmake.task.cmake.build:Building CMake package in '/home/smoker/day1/demo_topic'
[0.221s] INFO:colcon.colcon_core.plugin_system:Skipping extension 'colcon_core.shell.bat': Not used on non-Windows systems
[0.221s] INFO:colcon.colcon_core.shell:Skip shell extension 'powershell' for command environment: Not usable outside of PowerShell
[0.221s] DEBUG:colcon.colcon_core.shell:Skip shell extension 'dsv' for command environment
[0.231s] DEBUG:colcon.colcon_core.event_handler.log_command:Invoking command in '/home/smoker/day1/build/demo_topic': CMAKE_PREFIX_PATH=/opt/ros/humble /usr/bin/cmake /home/smoker/day1/demo_topic -DCMAKE_INSTALL_PREFIX=/home/smoker/day1/install/demo_topic
[0.572s] DEBUG:colcon.colcon_core.event_handler.log_command:Invoked command in '/home/smoker/day1/build/demo_topic' returned '0': CMAKE_PREFIX_PATH=/opt/ros/humble /usr/bin/cmake /home/smoker/day1/demo_topic -DCMAKE_INSTALL_PREFIX=/home/smoker/day1/install/demo_topic
[0.574s] DEBUG:colcon.colcon_core.event_handler.log_command:Invoking command in '/home/smoker/day1/build/demo_topic': CMAKE_PREFIX_PATH=/opt/ros/humble /usr/bin/cmake --build /home/smoker/day1/build/demo_topic -- -j4 -l4
[4.907s] DEBUG:colcon.colcon_core.event_handler.log_command:Invoked command in '/home/smoker/day1/build/demo_topic' returned '0': CMAKE_PREFIX_PATH=/opt/ros/humble /usr/bin/cmake --build /home/smoker/day1/build/demo_topic -- -j4 -l4
[4.950s] DEBUG:colcon.colcon_core.event_handler.log_command:Invoking command in '/home/smoker/day1/build/demo_topic': CMAKE_PREFIX_PATH=/opt/ros/humble /usr/bin/cmake --install /home/smoker/day1/build/demo_topic
[4.963s] Level 1:colcon.colcon_core.environment:create_environment_scripts_only(demo_topic)
[4.964s] DEBUG:colcon.colcon_core.event_handler.log_command:Invoked command in '/home/smoker/day1/build/demo_topic' returned '0': CMAKE_PREFIX_PATH=/opt/ros/humble /usr/bin/cmake --install /home/smoker/day1/build/demo_topic
[4.965s] Level 1:colcon.colcon_core.environment:checking '/home/smoker/day1/install/demo_topic' for CMake module files
[4.965s] Level 1:colcon.colcon_core.environment:checking '/home/smoker/day1/install/demo_topic' for CMake config files
[4.965s] Level 1:colcon.colcon_core.shell:create_environment_hook('demo_topic', 'cmake_prefix_path')
[4.966s] INFO:colcon.colcon_core.shell:Creating environment hook '/home/smoker/day1/install/demo_topic/share/demo_topic/hook/cmake_prefix_path.ps1'
[4.967s] INFO:colcon.colcon_core.shell:Creating environment descriptor '/home/smoker/day1/install/demo_topic/share/demo_topic/hook/cmake_prefix_path.dsv'
[4.968s] INFO:colcon.colcon_core.shell:Creating environment hook '/home/smoker/day1/install/demo_topic/share/demo_topic/hook/cmake_prefix_path.sh'
[4.970s] Level 1:colcon.colcon_core.environment:checking '/home/smoker/day1/install/demo_topic/lib'
[4.970s] Level 1:colcon.colcon_core.environment:checking '/home/smoker/day1/install/demo_topic/bin'
[4.970s] Level 1:colcon.colcon_core.environment:checking '/home/smoker/day1/install/demo_topic/lib/pkgconfig/demo_topic.pc'
[4.971s] Level 1:colcon.colcon_core.environment:checking '/home/smoker/day1/install/demo_topic/lib/python3.10/site-packages'
[4.971s] Level 1:colcon.colcon_core.environment:checking '/home/smoker/day1/install/demo_topic/bin'
[4.971s] INFO:colcon.colcon_core.shell:Creating package script '/home/smoker/day1/install/demo_topic/share/demo_topic/package.ps1'
[4.972s] INFO:colcon.colcon_core.shell:Creating package descriptor '/home/smoker/day1/install/demo_topic/share/demo_topic/package.dsv'
[4.972s] INFO:colcon.colcon_core.shell:Creating package script '/home/smoker/day1/install/demo_topic/share/demo_topic/package.sh'
[4.973s] INFO:colcon.colcon_core.shell:Creating package script '/home/smoker/day1/install/demo_topic/share/demo_topic/package.bash'
[4.973s] INFO:colcon.colcon_core.shell:Creating package script '/home/smoker/day1/install/demo_topic/share/demo_topic/package.zsh'
[4.974s] Level 1:colcon.colcon_core.environment:create_file_with_runtime_dependencies(/home/smoker/day1/install/demo_topic/share/colcon-core/packages/demo_topic)
[5.000s] Level 1:colcon.colcon_core.environment:create_environment_scripts_only(demo_topic)
[5.001s] Level 1:colcon.colcon_core.environment:checking '/home/smoker/day1/install/demo_topic' for CMake module files
[5.001s] Level 1:colcon.colcon_core.environment:checking '/home/smoker/day1/install/demo_topic' for CMake config files
[5.001s] Level 1:colcon.colcon_core.shell:create_environment_hook('demo_topic', 'cmake_prefix_path')
[5.001s] INFO:colcon.colcon_core.shell:Creating environment hook '/home/smoker/day1/install/demo_topic/share/demo_topic/hook/cmake_prefix_path.ps1'
[5.002s] INFO:colcon.colcon_core.shell:Creating environment descriptor '/home/smoker/day1/install/demo_topic/share/demo_topic/hook/cmake_prefix_path.dsv'
[5.002s] INFO:colcon.colcon_core.shell:Creating environment hook '/home/smoker/day1/install/demo_topic/share/demo_topic/hook/cmake_prefix_path.sh'
[5.003s] Level 1:colcon.colcon_core.environment:checking '/home/smoker/day1/install/demo_topic/lib'
[5.003s] Level 1:colcon.colcon_core.environment:checking '/home/smoker/day1/install/demo_topic/bin'
[5.003s] Level 1:colcon.colcon_core.environment:checking '/home/smoker/day1/install/demo_topic/lib/pkgconfig/demo_topic.pc'
[5.003s] Level 1:colcon.colcon_core.environment:checking '/home/smoker/day1/install/demo_topic/lib/python3.10/site-packages'
[5.003s] Level 1:colcon.colcon_core.environment:checking '/home/smoker/day1/install/demo_topic/bin'
[5.003s] INFO:colcon.colcon_core.shell:Creating package script '/home/smoker/day1/install/demo_topic/share/demo_topic/package.ps1'
[5.004s] INFO:colcon.colcon_core.shell:Creating package descriptor '/home/smoker/day1/install/demo_topic/share/demo_topic/package.dsv'
[5.004s] INFO:colcon.colcon_core.shell:Creating package script '/home/smoker/day1/install/demo_topic/share/demo_topic/package.sh'
[5.005s] INFO:colcon.colcon_core.shell:Creating package script '/home/smoker/day1/install/demo_topic/share/demo_topic/package.bash'
[5.005s] INFO:colcon.colcon_core.shell:Creating package script '/home/smoker/day1/install/demo_topic/share/demo_topic/package.zsh'
[5.006s] Level 1:colcon.colcon_core.environment:create_file_with_runtime_dependencies(/home/smoker/day1/install/demo_topic/share/colcon-core/packages/demo_topic)
[5.006s] DEBUG:colcon.colcon_parallel_executor.executor.parallel:closing loop
[5.006s] DEBUG:colcon.colcon_parallel_executor.executor.parallel:loop closed
[5.007s] DEBUG:colcon.colcon_parallel_executor.executor.parallel:run_until_complete finished with '0'
[5.007s] DEBUG:colcon.colcon_core.event_reactor:joining thread
[5.010s] INFO:colcon.colcon_core.plugin_system:Skipping extension 'colcon_notification.desktop_notification.terminal_notifier': Not used on non-Darwin systems
[5.010s] INFO:colcon.colcon_core.plugin_system:Skipping extension 'colcon_notification.desktop_notification.win32': Not used on non-Windows systems
[5.010s] INFO:colcon.colcon_notification.desktop_notification:Sending desktop notification using 'notify2'
[5.022s] DEBUG:colcon.colcon_core.event_reactor:joined thread
[5.022s] INFO:colcon.colcon_core.shell:Creating prefix script '/home/smoker/day1/install/local_setup.ps1'
[5.023s] INFO:colcon.colcon_core.shell:Creating prefix util module '/home/smoker/day1/install/_local_setup_util_ps1.py'
[5.024s] INFO:colcon.colcon_core.shell:Creating prefix chain script '/home/smoker/day1/install/setup.ps1'
[5.025s] INFO:colcon.colcon_core.shell:Creating prefix script '/home/smoker/day1/install/local_setup.sh'
[5.025s] INFO:colcon.colcon_core.shell:Creating prefix util module '/home/smoker/day1/install/_local_setup_util_sh.py'
[5.026s] INFO:colcon.colcon_core.shell:Creating prefix chain script '/home/smoker/day1/install/setup.sh'
[5.026s] INFO:colcon.colcon_core.shell:Creating prefix script '/home/smoker/day1/install/local_setup.bash'
[5.027s] INFO:colcon.colcon_core.shell:Creating prefix chain script '/home/smoker/day1/install/setup.bash'
[5.028s] INFO:colcon.colcon_core.shell:Creating prefix script '/home/smoker/day1/install/local_setup.zsh'
[5.028s] INFO:colcon.colcon_core.shell:Creating prefix chain script '/home/smoker/day1/install/setup.zsh'
