[0.018s] Invoking command in '/home/smoker/4.1/day3/build/my_package': CMAKE_PREFIX_PATH=/opt/ros/humble /usr/bin/cmake /home/smoker/4.1/day3/my_package -DCMAKE_INSTALL_PREFIX=/home/smoker/4.1/day3/install/my_package
[0.146s] -- The C compiler identification is GNU 11.4.0
[0.245s] -- The CXX compiler identification is GNU 11.4.0
[0.253s] -- Detecting C compiler ABI info
[0.325s] -- Detecting C compiler ABI info - done
[0.330s] -- Check for working C compiler: /usr/bin/cc - skipped
[0.331s] -- Detecting C compile features
[0.332s] -- Detecting C compile features - done
[0.335s] -- Detecting CXX compiler ABI info
[0.408s] -- Detecting CXX compiler ABI info - done
[0.414s] -- Check for working CXX compiler: /usr/bin/c++ - skipped
[0.414s] -- Detecting CXX compile features
[0.414s] -- Detecting CXX compile features - done
[0.427s] -- Found ament_cmake: 1.3.10 (/opt/ros/humble/share/ament_cmake/cmake)
[0.550s] -- Found Python3: /usr/bin/python3 (found version "3.10.12") found components: Interpreter 
[0.648s] -- Found ament_lint_auto: 0.12.11 (/opt/ros/humble/share/ament_lint_auto/cmake)
[0.717s] -- Added test 'cppcheck' to perform static code analysis on C / C++ code
[0.717s] -- Configured cppcheck include dirs: $<BUILD_INTERFACE:/home/smoker/4.1/day3/my_package/include>
[0.717s] -- Configured cppcheck exclude dirs and/or files: 
[0.718s] -- Added test 'lint_cmake' to check CMake code style
[0.720s] -- Added test 'uncrustify' to check C / C++ code style
[0.720s] -- Configured uncrustify additional arguments: 
[0.721s] -- Added test 'xmllint' to check XML markup files
[0.723s] -- Configuring done
[0.727s] -- Generating done
[0.728s] -- Build files have been written to: /home/smoker/4.1/day3/build/my_package
[0.733s] Invoked command in '/home/smoker/4.1/day3/build/my_package' returned '0': CMAKE_PREFIX_PATH=/opt/ros/humble /usr/bin/cmake /home/smoker/4.1/day3/my_package -DCMAKE_INSTALL_PREFIX=/home/smoker/4.1/day3/install/my_package
[0.734s] Invoking command in '/home/smoker/4.1/day3/build/my_package': CMAKE_PREFIX_PATH=/opt/ros/humble /usr/bin/cmake --build /home/smoker/4.1/day3/build/my_package -- -j4 -l4
[0.781s] [ 50%] [32mBuilding CXX object CMakeFiles/my_node.dir/src/my_node.cpp.o[0m
[0.791s] [01m[K/home/smoker/4.1/day3/my_package/src/my_node.cpp:1:10:[m[K [01;31m[Kfatal error: [m[Krclcpp/rclcpp.hpp: 没有那个文件或目录
[0.791s]     1 | #include [01;31m[K"rclcpp/rclcpp.hpp"[m[K
[0.791s]       |          [01;31m[K^~~~~~~~~~~~~~~~~~~[m[K
[0.791s] compilation terminated.
[0.792s] gmake[2]: *** [CMakeFiles/my_node.dir/build.make:76：CMakeFiles/my_node.dir/src/my_node.cpp.o] 错误 1
[0.793s] gmake[1]: *** [CMakeFiles/Makefile2:137：CMakeFiles/my_node.dir/all] 错误 2
[0.793s] gmake: *** [Makefile:146：all] 错误 2
[0.796s] Invoked command in '/home/smoker/4.1/day3/build/my_package' returned '2': CMAKE_PREFIX_PATH=/opt/ros/humble /usr/bin/cmake --build /home/smoker/4.1/day3/build/my_package -- -j4 -l4
