[0.009s] Invoking command in '/home/smoker/4.1/day3/build/my_package': CMAKE_PREFIX_PATH=/opt/ros/humble /usr/bin/cmake --build /home/smoker/4.1/day3/build/my_package -- -j4 -l4
[0.033s] -- Found ament_cmake: 1.3.10 (/opt/ros/humble/share/ament_cmake/cmake)
[0.113s] -- Found rclcpp: 16.0.10 (/opt/ros/humble/share/rclcpp/cmake)
[0.134s] -- Found rosidl_generator_c: 3.1.5 (/opt/ros/humble/share/rosidl_generator_c/cmake)
[0.135s] -- Found rosidl_adapter: 3.1.5 (/opt/ros/humble/share/rosidl_adapter/cmake)
[0.139s] -- Found rosidl_generator_cpp: 3.1.5 (/opt/ros/humble/share/rosidl_generator_cpp/cmake)
[0.145s] -- Using all available rosidl_typesupport_c: rosidl_typesupport_fastrtps_c;rosidl_typesupport_introspection_c
[0.152s] -- Using all available rosidl_typesupport_cpp: rosidl_typesupport_fastrtps_cpp;rosidl_typesupport_introspection_cpp
[0.173s] -- Found rmw_implementation_cmake: 6.1.2 (/opt/ros/humble/share/rmw_implementation_cmake/cmake)
[0.173s] -- Found rmw_fastrtps_cpp: 6.2.7 (/opt/ros/humble/share/rmw_fastrtps_cpp/cmake)
[0.251s] -- Using RMW implementation 'rmw_fastrtps_cpp' as default
[0.281s] -- Found ament_lint_auto: 0.12.11 (/opt/ros/humble/share/ament_lint_auto/cmake)
[0.334s] -- Added test 'cppcheck' to perform static code analysis on C / C++ code
[0.334s] -- Configured cppcheck include dirs: $<BUILD_INTERFACE:/home/smoker/4.1/day3/my_package/include>
[0.334s] -- Configured cppcheck exclude dirs and/or files: 
[0.335s] -- Added test 'lint_cmake' to check CMake code style
[0.336s] -- Added test 'uncrustify' to check C / C++ code style
[0.336s] -- Configured uncrustify additional arguments: 
[0.336s] -- Added test 'xmllint' to check XML markup files
[0.337s] -- Configuring done
[0.348s] -- Generating done
[0.350s] -- Build files have been written to: /home/smoker/4.1/day3/build/my_package
[0.374s] [35m[1mConsolidate compiler generated dependencies of target my_node[0m
[0.384s] [ 25%] [32mBuilding CXX object CMakeFiles/result.dir/src/result_receiver.cpp.o[0m
[0.391s] [ 75%] Built target my_node
[7.227s] [100%] [32m[1mLinking CXX executable result[0m
[7.560s] [100%] Built target result
[7.571s] Invoked command in '/home/smoker/4.1/day3/build/my_package' returned '0': CMAKE_PREFIX_PATH=/opt/ros/humble /usr/bin/cmake --build /home/smoker/4.1/day3/build/my_package -- -j4 -l4
[7.612s] Invoking command in '/home/smoker/4.1/day3/build/my_package': CMAKE_PREFIX_PATH=/opt/ros/humble /usr/bin/cmake --install /home/smoker/4.1/day3/build/my_package
[7.618s] -- Install configuration: ""
[7.620s] -- Up-to-date: /home/smoker/4.1/day3/install/my_package/lib/my_package/my_node
[7.620s] -- Installing: /home/smoker/4.1/day3/install/my_package/lib/my_package/result
[7.623s] -- Set runtime path of "/home/smoker/4.1/day3/install/my_package/lib/my_package/result" to ""
[7.623s] -- Up-to-date: /home/smoker/4.1/day3/install/my_package/share/ament_index/resource_index/package_run_dependencies/my_package
[7.624s] -- Up-to-date: /home/smoker/4.1/day3/install/my_package/share/ament_index/resource_index/parent_prefix_path/my_package
[7.624s] -- Up-to-date: /home/smoker/4.1/day3/install/my_package/share/my_package/environment/ament_prefix_path.sh
[7.624s] -- Installing: /home/smoker/4.1/day3/install/my_package/share/my_package/environment/ament_prefix_path.dsv
[7.624s] -- Up-to-date: /home/smoker/4.1/day3/install/my_package/share/my_package/environment/path.sh
[7.624s] -- Installing: /home/smoker/4.1/day3/install/my_package/share/my_package/environment/path.dsv
[7.624s] -- Up-to-date: /home/smoker/4.1/day3/install/my_package/share/my_package/local_setup.bash
[7.624s] -- Up-to-date: /home/smoker/4.1/day3/install/my_package/share/my_package/local_setup.sh
[7.624s] -- Up-to-date: /home/smoker/4.1/day3/install/my_package/share/my_package/local_setup.zsh
[7.625s] -- Installing: /home/smoker/4.1/day3/install/my_package/share/my_package/local_setup.dsv
[7.625s] -- Installing: /home/smoker/4.1/day3/install/my_package/share/my_package/package.dsv
[7.625s] -- Up-to-date: /home/smoker/4.1/day3/install/my_package/share/ament_index/resource_index/packages/my_package
[7.625s] -- Up-to-date: /home/smoker/4.1/day3/install/my_package/share/my_package/cmake/my_packageConfig.cmake
[7.625s] -- Up-to-date: /home/smoker/4.1/day3/install/my_package/share/my_package/cmake/my_packageConfig-version.cmake
[7.625s] -- Up-to-date: /home/smoker/4.1/day3/install/my_package/share/my_package/package.xml
[7.627s] Invoked command in '/home/smoker/4.1/day3/build/my_package' returned '0': CMAKE_PREFIX_PATH=/opt/ros/humble /usr/bin/cmake --install /home/smoker/4.1/day3/build/my_package
