[0.010s] Invoking command in '/home/smoker/4.1/day3/build/my_package': CMAKE_PREFIX_PATH=/opt/ros/humble /usr/bin/cmake --build /home/smoker/4.1/day3/build/my_package -- -j4 -l4
[0.033s] -- Found ament_cmake: 1.3.10 (/opt/ros/humble/share/ament_cmake/cmake)
[0.117s] -- Found rclcpp: 16.0.10 (/opt/ros/humble/share/rclcpp/cmake)
[0.136s] -- Found rosidl_generator_c: 3.1.5 (/opt/ros/humble/share/rosidl_generator_c/cmake)
[0.137s] -- Found rosidl_adapter: 3.1.5 (/opt/ros/humble/share/rosidl_adapter/cmake)
[0.140s] -- Found rosidl_generator_cpp: 3.1.5 (/opt/ros/humble/share/rosidl_generator_cpp/cmake)
[0.146s] -- Using all available rosidl_typesupport_c: rosidl_typesupport_fastrtps_c;rosidl_typesupport_introspection_c
[0.153s] -- Using all available rosidl_typesupport_cpp: rosidl_typesupport_fastrtps_cpp;rosidl_typesupport_introspection_cpp
[0.174s] -- Found rmw_implementation_cmake: 6.1.2 (/opt/ros/humble/share/rmw_implementation_cmake/cmake)
[0.175s] -- Found rmw_fastrtps_cpp: 6.2.7 (/opt/ros/humble/share/rmw_fastrtps_cpp/cmake)
[0.251s] -- Using RMW implementation 'rmw_fastrtps_cpp' as default
[0.280s] -- Found ament_lint_auto: 0.12.11 (/opt/ros/humble/share/ament_lint_auto/cmake)
[0.326s] -- Added test 'cppcheck' to perform static code analysis on C / C++ code
[0.326s] -- Configured cppcheck include dirs: $<BUILD_INTERFACE:/home/smoker/4.1/day3/my_package/include>
[0.326s] -- Configured cppcheck exclude dirs and/or files: 
[0.327s] -- Added test 'lint_cmake' to check CMake code style
[0.327s] -- Added test 'uncrustify' to check C / C++ code style
[0.328s] -- Configured uncrustify additional arguments: 
[0.328s] -- Added test 'xmllint' to check XML markup files
[0.328s] -- Configuring done
[0.338s] -- Generating done
[0.340s] -- Build files have been written to: /home/smoker/4.1/day3/build/my_package
[0.370s] [ 50%] [32mBuilding CXX object CMakeFiles/my_node.dir/src/my_node.cpp.o[0m
[3.874s] [100%] [32m[1mLinking CXX executable my_node[0m
[4.057s] [100%] Built target my_node
[4.071s] Invoked command in '/home/smoker/4.1/day3/build/my_package' returned '0': CMAKE_PREFIX_PATH=/opt/ros/humble /usr/bin/cmake --build /home/smoker/4.1/day3/build/my_package -- -j4 -l4
[4.113s] Invoking command in '/home/smoker/4.1/day3/build/my_package': CMAKE_PREFIX_PATH=/opt/ros/humble /usr/bin/cmake --install /home/smoker/4.1/day3/build/my_package
[4.120s] -- Install configuration: ""
[4.120s] -- Installing: /home/smoker/4.1/day3/install/my_package/lib/my_package/my_node
[4.122s] -- Set runtime path of "/home/smoker/4.1/day3/install/my_package/lib/my_package/my_node" to ""
[4.122s] -- Installing: /home/smoker/4.1/day3/install/my_package/share/ament_index/resource_index/package_run_dependencies/my_package
[4.122s] -- Installing: /home/smoker/4.1/day3/install/my_package/share/ament_index/resource_index/parent_prefix_path/my_package
[4.123s] -- Installing: /home/smoker/4.1/day3/install/my_package/share/my_package/environment/ament_prefix_path.sh
[4.123s] -- Installing: /home/smoker/4.1/day3/install/my_package/share/my_package/environment/ament_prefix_path.dsv
[4.123s] -- Installing: /home/smoker/4.1/day3/install/my_package/share/my_package/environment/path.sh
[4.123s] -- Installing: /home/smoker/4.1/day3/install/my_package/share/my_package/environment/path.dsv
[4.124s] -- Installing: /home/smoker/4.1/day3/install/my_package/share/my_package/local_setup.bash
[4.124s] -- Installing: /home/smoker/4.1/day3/install/my_package/share/my_package/local_setup.sh
[4.124s] -- Installing: /home/smoker/4.1/day3/install/my_package/share/my_package/local_setup.zsh
[4.124s] -- Installing: /home/smoker/4.1/day3/install/my_package/share/my_package/local_setup.dsv
[4.124s] -- Installing: /home/smoker/4.1/day3/install/my_package/share/my_package/package.dsv
[4.124s] -- Installing: /home/smoker/4.1/day3/install/my_package/share/ament_index/resource_index/packages/my_package
[4.124s] -- Installing: /home/smoker/4.1/day3/install/my_package/share/my_package/cmake/my_packageConfig.cmake
[4.125s] -- Installing: /home/smoker/4.1/day3/install/my_package/share/my_package/cmake/my_packageConfig-version.cmake
[4.125s] -- Installing: /home/smoker/4.1/day3/install/my_package/share/my_package/package.xml
[4.127s] Invoked command in '/home/smoker/4.1/day3/build/my_package' returned '0': CMAKE_PREFIX_PATH=/opt/ros/humble /usr/bin/cmake --install /home/smoker/4.1/day3/build/my_package
