[0.011s] Invoking command in '/home/smoker/4.1/day3/build/my_package': CMAKE_PREFIX_PATH=/opt/ros/humble /usr/bin/cmake --build /home/smoker/4.1/day3/build/my_package -- -j4 -l4
[0.033s] -- Found ament_cmake: 1.3.10 (/opt/ros/humble/share/ament_cmake/cmake)
[0.131s] -- Found rclcpp: 16.0.10 (/opt/ros/humble/share/rclcpp/cmake)
[0.203s] -- Found rosidl_generator_c: 3.1.5 (/opt/ros/humble/share/rosidl_generator_c/cmake)
[0.210s] -- Found rosidl_adapter: 3.1.5 (/opt/ros/humble/share/rosidl_adapter/cmake)
[0.224s] -- Found rosidl_generator_cpp: 3.1.5 (/opt/ros/humble/share/rosidl_generator_cpp/cmake)
[0.245s] -- Using all available rosidl_typesupport_c: rosidl_typesupport_fastrtps_c;rosidl_typesupport_introspection_c
[0.271s] -- Using all available rosidl_typesupport_cpp: rosidl_typesupport_fastrtps_cpp;rosidl_typesupport_introspection_cpp
[0.344s] -- Found rmw_implementation_cmake: 6.1.2 (/opt/ros/humble/share/rmw_implementation_cmake/cmake)
[0.350s] -- Found rmw_fastrtps_cpp: 6.2.7 (/opt/ros/humble/share/rmw_fastrtps_cpp/cmake)
[0.455s] -- Found OpenSSL: /usr/lib/x86_64-linux-gnu/libcrypto.so (found version "3.0.2")  
[0.478s] -- Found FastRTPS: /opt/ros/humble/include  
[0.506s] -- Using RMW implementation 'rmw_fastrtps_cpp' as default
[0.522s] -- Looking for pthread.h
[0.590s] -- Looking for pthread.h - found
[0.591s] -- Performing Test CMAKE_HAVE_LIBC_PTHREAD
[0.658s] -- Performing Test CMAKE_HAVE_LIBC_PTHREAD - Success
[0.659s] -- Found Threads: TRUE  
[0.729s] -- Found ament_lint_auto: 0.12.11 (/opt/ros/humble/share/ament_lint_auto/cmake)
[0.780s] -- Added test 'cppcheck' to perform static code analysis on C / C++ code
[0.780s] -- Configured cppcheck include dirs: $<BUILD_INTERFACE:/home/smoker/4.1/day3/my_package/include>
[0.780s] -- Configured cppcheck exclude dirs and/or files: 
[0.781s] -- Added test 'lint_cmake' to check CMake code style
[0.782s] -- Added test 'uncrustify' to check C / C++ code style
[0.782s] -- Configured uncrustify additional arguments: 
[0.783s] -- Added test 'xmllint' to check XML markup files
[0.783s] -- Configuring done
[0.790s] -- Generating done
[0.793s] -- Build files have been written to: /home/smoker/4.1/day3/build/my_package
[0.825s] [ 50%] [32mBuilding CXX object CMakeFiles/my_node.dir/src/my_node.cpp.o[0m
[0.833s] [01m[K/home/smoker/4.1/day3/my_package/src/my_node.cpp:1:10:[m[K [01;31m[Kfatal error: [m[Krclcpp/rclcpp.hpp: 没有那个文件或目录
[0.833s]     1 | #include [01;31m[K"rclcpp/rclcpp.hpp"[m[K
[0.833s]       |          [01;31m[K^~~~~~~~~~~~~~~~~~~[m[K
[0.833s] compilation terminated.
[0.834s] gmake[2]: *** [CMakeFiles/my_node.dir/build.make:76：CMakeFiles/my_node.dir/src/my_node.cpp.o] 错误 1
[0.834s] gmake[1]: *** [CMakeFiles/Makefile2:137：CMakeFiles/my_node.dir/all] 错误 2
[0.835s] gmake: *** [Makefile:146：all] 错误 2
[0.837s] Invoked command in '/home/smoker/4.1/day3/build/my_package' returned '2': CMAKE_PREFIX_PATH=/opt/ros/humble /usr/bin/cmake --build /home/smoker/4.1/day3/build/my_package -- -j4 -l4
