[35m[1mConsolidate compiler generated dependencies of target result[0m
[ 25%] [32mBuilding CXX object CMakeFiles/my_node.dir/src/my_node.cpp.o[0m
[ 75%] Built target result
[100%] [32m[1mLinking CXX executable my_node[0m
[100%] Built target my_node
-- Install configuration: ""
-- Installing: /home/smoker/4.1/day3/install/my_package/lib/my_package/my_node
-- Set runtime path of "/home/smoker/4.1/day3/install/my_package/lib/my_package/my_node" to ""
-- Up-to-date: /home/smoker/4.1/day3/install/my_package/lib/my_package/result
-- Up-to-date: /home/smoker/4.1/day3/install/my_package/share/ament_index/resource_index/package_run_dependencies/my_package
-- Up-to-date: /home/smoker/4.1/day3/install/my_package/share/ament_index/resource_index/parent_prefix_path/my_package
-- Up-to-date: /home/smoker/4.1/day3/install/my_package/share/my_package/environment/ament_prefix_path.sh
-- Up-to-date: /home/smoker/4.1/day3/install/my_package/share/my_package/environment/ament_prefix_path.dsv
-- Up-to-date: /home/smoker/4.1/day3/install/my_package/share/my_package/environment/path.sh
-- Up-to-date: /home/smoker/4.1/day3/install/my_package/share/my_package/environment/path.dsv
-- Up-to-date: /home/smoker/4.1/day3/install/my_package/share/my_package/local_setup.bash
-- Up-to-date: /home/smoker/4.1/day3/install/my_package/share/my_package/local_setup.sh
-- Up-to-date: /home/smoker/4.1/day3/install/my_package/share/my_package/local_setup.zsh
-- Up-to-date: /home/smoker/4.1/day3/install/my_package/share/my_package/local_setup.dsv
-- Installing: /home/smoker/4.1/day3/install/my_package/share/my_package/package.dsv
-- Up-to-date: /home/smoker/4.1/day3/install/my_package/share/ament_index/resource_index/packages/my_package
-- Up-to-date: /home/smoker/4.1/day3/install/my_package/share/my_package/cmake/my_packageConfig.cmake
-- Up-to-date: /home/smoker/4.1/day3/install/my_package/share/my_package/cmake/my_packageConfig-version.cmake
-- Up-to-date: /home/smoker/4.1/day3/install/my_package/share/my_package/package.xml
