-- Found ament_cmake: 1.3.10 (/opt/ros/humble/share/ament_cmake/cmake)
-- Found rclcpp: 16.0.10 (/opt/ros/humble/share/rclcpp/cmake)
-- Found rosidl_generator_c: 3.1.5 (/opt/ros/humble/share/rosidl_generator_c/cmake)
-- Found rosidl_adapter: 3.1.5 (/opt/ros/humble/share/rosidl_adapter/cmake)
-- Found rosidl_generator_cpp: 3.1.5 (/opt/ros/humble/share/rosidl_generator_cpp/cmake)
-- Using all available rosidl_typesupport_c: rosidl_typesupport_fastrtps_c;rosidl_typesupport_introspection_c
-- Using all available rosidl_typesupport_cpp: rosidl_typesupport_fastrtps_cpp;rosidl_typesupport_introspection_cpp
-- Found rmw_implementation_cmake: 6.1.2 (/opt/ros/humble/share/rmw_implementation_cmake/cmake)
-- Found rmw_fastrtps_cpp: 6.2.7 (/opt/ros/humble/share/rmw_fastrtps_cpp/cmake)
-- Using RMW implementation 'rmw_fastrtps_cpp' as default
-- Found geometry_msgs: 4.2.4 (/opt/ros/humble/share/geometry_msgs/cmake)
-- Found ament_lint_auto: 0.12.11 (/opt/ros/humble/share/ament_lint_auto/cmake)
-- Added test 'cppcheck' to perform static code analysis on C / C++ code
-- Configured cppcheck include dirs: 
-- Configured cppcheck exclude dirs and/or files: 
-- Added test 'lint_cmake' to check CMake code style
-- Added test 'uncrustify' to check C / C++ code style
-- Configured uncrustify additional arguments: 
-- Added test 'xmllint' to check XML markup files
-- Configuring done
-- Generating done
-- Build files have been written to: /home/smoker/day1/build/demo_topic
[ 50%] [32mBuilding CXX object CMakeFiles/fabu.dir/src/fabu.cpp.o[0m
[100%] [32m[1mLinking CXX executable fabu[0m
[100%] Built target fabu
-- Install configuration: ""
-- Installing: /home/smoker/day1/install/demo_topic/lib/demo_topic/fabu
-- Set runtime path of "/home/smoker/day1/install/demo_topic/lib/demo_topic/fabu" to ""
-- Installing: /home/smoker/day1/install/demo_topic/share/ament_index/resource_index/package_run_dependencies/demo_topic
-- Installing: /home/smoker/day1/install/demo_topic/share/ament_index/resource_index/parent_prefix_path/demo_topic
-- Installing: /home/smoker/day1/install/demo_topic/share/demo_topic/environment/ament_prefix_path.sh
-- Installing: /home/smoker/day1/install/demo_topic/share/demo_topic/environment/ament_prefix_path.dsv
-- Installing: /home/smoker/day1/install/demo_topic/share/demo_topic/environment/path.sh
-- Installing: /home/smoker/day1/install/demo_topic/share/demo_topic/environment/path.dsv
-- Installing: /home/smoker/day1/install/demo_topic/share/demo_topic/local_setup.bash
-- Installing: /home/smoker/day1/install/demo_topic/share/demo_topic/local_setup.sh
-- Installing: /home/smoker/day1/install/demo_topic/share/demo_topic/local_setup.zsh
-- Installing: /home/smoker/day1/install/demo_topic/share/demo_topic/local_setup.dsv
-- Installing: /home/smoker/day1/install/demo_topic/share/demo_topic/package.dsv
-- Installing: /home/smoker/day1/install/demo_topic/share/ament_index/resource_index/packages/demo_topic
-- Installing: /home/smoker/day1/install/demo_topic/share/demo_topic/cmake/demo_topicConfig.cmake
-- Installing: /home/smoker/day1/install/demo_topic/share/demo_topic/cmake/demo_topicConfig-version.cmake
-- Installing: /home/smoker/day1/install/demo_topic/share/demo_topic/package.xml
