[0.012s] Invoking command in '/home/smoker/day1/build/demo_topic': CMAKE_PREFIX_PATH=/opt/ros/humble /usr/bin/cmake /home/smoker/day1/demo_topic -DCMAKE_INSTALL_PREFIX=/home/smoker/day1/install/demo_topic
[0.022s] -- Found ament_cmake: 1.3.10 (/opt/ros/humble/share/ament_cmake/cmake)
[0.111s] -- Found rclcpp: 16.0.10 (/opt/ros/humble/share/rclcpp/cmake)
[0.131s] -- Found rosidl_generator_c: 3.1.5 (/opt/ros/humble/share/rosidl_generator_c/cmake)
[0.133s] -- Found rosidl_adapter: 3.1.5 (/opt/ros/humble/share/rosidl_adapter/cmake)
[0.137s] -- Found rosidl_generator_cpp: 3.1.5 (/opt/ros/humble/share/rosidl_generator_cpp/cmake)
[0.143s] -- Using all available rosidl_typesupport_c: rosidl_typesupport_fastrtps_c;rosidl_typesupport_introspection_c
[0.150s] -- Using all available rosidl_typesupport_cpp: rosidl_typesupport_fastrtps_cpp;rosidl_typesupport_introspection_cpp
[0.175s] -- Found rmw_implementation_cmake: 6.1.2 (/opt/ros/humble/share/rmw_implementation_cmake/cmake)
[0.176s] -- Found rmw_fastrtps_cpp: 6.2.7 (/opt/ros/humble/share/rmw_fastrtps_cpp/cmake)
[0.249s] -- Using RMW implementation 'rmw_fastrtps_cpp' as default
[0.279s] -- Found geometry_msgs: 4.2.4 (/opt/ros/humble/share/geometry_msgs/cmake)
[0.286s] -- Found ament_lint_auto: 0.12.11 (/opt/ros/humble/share/ament_lint_auto/cmake)
[0.332s] -- Added test 'cppcheck' to perform static code analysis on C / C++ code
[0.332s] -- Configured cppcheck include dirs: 
[0.332s] -- Configured cppcheck exclude dirs and/or files: 
[0.332s] -- Added test 'lint_cmake' to check CMake code style
[0.333s] -- Added test 'uncrustify' to check C / C++ code style
[0.333s] -- Configured uncrustify additional arguments: 
[0.333s] -- Added test 'xmllint' to check XML markup files
[0.334s] -- Configuring done
[0.346s] -- Generating done
[0.347s] -- Build files have been written to: /home/smoker/day1/build/demo_topic
[0.353s] Invoked command in '/home/smoker/day1/build/demo_topic' returned '0': CMAKE_PREFIX_PATH=/opt/ros/humble /usr/bin/cmake /home/smoker/day1/demo_topic -DCMAKE_INSTALL_PREFIX=/home/smoker/day1/install/demo_topic
[0.355s] Invoking command in '/home/smoker/day1/build/demo_topic': CMAKE_PREFIX_PATH=/opt/ros/humble /usr/bin/cmake --build /home/smoker/day1/build/demo_topic -- -j4 -l4
[0.397s] [ 50%] [32mBuilding CXX object CMakeFiles/fabu.dir/src/fabu.cpp.o[0m
[4.485s] [100%] [32m[1mLinking CXX executable fabu[0m
[4.676s] [100%] Built target fabu
[4.688s] Invoked command in '/home/smoker/day1/build/demo_topic' returned '0': CMAKE_PREFIX_PATH=/opt/ros/humble /usr/bin/cmake --build /home/smoker/day1/build/demo_topic -- -j4 -l4
[4.731s] Invoking command in '/home/smoker/day1/build/demo_topic': CMAKE_PREFIX_PATH=/opt/ros/humble /usr/bin/cmake --install /home/smoker/day1/build/demo_topic
[4.738s] -- Install configuration: ""
[4.739s] -- Installing: /home/smoker/day1/install/demo_topic/lib/demo_topic/fabu
[4.739s] -- Set runtime path of "/home/smoker/day1/install/demo_topic/lib/demo_topic/fabu" to ""
[4.740s] -- Installing: /home/smoker/day1/install/demo_topic/share/ament_index/resource_index/package_run_dependencies/demo_topic
[4.740s] -- Installing: /home/smoker/day1/install/demo_topic/share/ament_index/resource_index/parent_prefix_path/demo_topic
[4.740s] -- Installing: /home/smoker/day1/install/demo_topic/share/demo_topic/environment/ament_prefix_path.sh
[4.741s] -- Installing: /home/smoker/day1/install/demo_topic/share/demo_topic/environment/ament_prefix_path.dsv
[4.741s] -- Installing: /home/smoker/day1/install/demo_topic/share/demo_topic/environment/path.sh
[4.741s] -- Installing: /home/smoker/day1/install/demo_topic/share/demo_topic/environment/path.dsv
[4.741s] -- Installing: /home/smoker/day1/install/demo_topic/share/demo_topic/local_setup.bash
[4.741s] -- Installing: /home/smoker/day1/install/demo_topic/share/demo_topic/local_setup.sh
[4.741s] -- Installing: /home/smoker/day1/install/demo_topic/share/demo_topic/local_setup.zsh
[4.741s] -- Installing: /home/smoker/day1/install/demo_topic/share/demo_topic/local_setup.dsv
[4.741s] -- Installing: /home/smoker/day1/install/demo_topic/share/demo_topic/package.dsv
[4.742s] -- Installing: /home/smoker/day1/install/demo_topic/share/ament_index/resource_index/packages/demo_topic
[4.742s] -- Installing: /home/smoker/day1/install/demo_topic/share/demo_topic/cmake/demo_topicConfig.cmake
[4.742s] -- Installing: /home/smoker/day1/install/demo_topic/share/demo_topic/cmake/demo_topicConfig-version.cmake
[4.742s] -- Installing: /home/smoker/day1/install/demo_topic/share/demo_topic/package.xml
[4.744s] Invoked command in '/home/smoker/day1/build/demo_topic' returned '0': CMAKE_PREFIX_PATH=/opt/ros/humble /usr/bin/cmake --install /home/smoker/day1/build/demo_topic
